<?xml version="1.0" encoding="UTF-8"?>
<!-- Generated by org.testng.reporters.JUnitReportReporter -->
<testsuite hostname="LAPTOP-1I959HS0" failures="0" tests="1" name="Week5_Assignment.CreateLead" time="12.737" errors="0" timestamp="2023-01-21T04:26:08 GMT-08:00" skipped="0">
  <testcase classname="Week5_Assignment.CreateLead" name="f" time="12.737"/>
  <system-out/>
</testsuite> <!-- Week5_Assignment.CreateLead -->
