<?xml version="1.0" encoding="UTF-8"?>
<!-- Generated by org.testng.reporters.JUnitReportReporter -->
<testsuite hostname="LAPTOP-1I959HS0" failures="0" tests="1" name="testcase.CreateLead" time="15.119" errors="0" timestamp="2023-01-20T22:08:34 GMT-08:00" skipped="0">
  <testcase classname="testcase.CreateLead" name="runCreateLead" time="15.119"/>
  <system-out/>
</testsuite> <!-- testcase.CreateLead -->
